# JRE version: Java(TM) SE Runtime Environment (9.0+11) (build 9.0.4+11)
# Java VM: Java HotSpot(TM) 64-Bit Server VM (9.0.4+11, mixed mode, tiered, compressed oops, g1 gc, windows-amd64)
Heap:
 garbage-first heap   total 227328K, used 76012K [0x0000000700000000, 0x00000007001006f0, 0x00000007c0000000)
  region size 1024K, 12 young (12288K), 6 survivors (6144K)
 Metaspace       used 70425K, capacity 74328K, committed 74580K, reserved 1114112K
  class space    used 9589K, capacity 10280K, committed 10324K, reserved 1048576K
GC Heap History (10 events):
Event: 15.533 GC heap before
{Heap before GC invocations=32 (full 1):
 garbage-first heap   total 227328K, used 126104K [0x0000000700000000, 0x00000007001006f0, 0x00000007c0000000)
  region size 1024K, 60 young (61440K), 3 survivors (3072K)
 Metaspace       used 68820K, capacity 72606K, committed 72660K, reserved 1112064K
  class space    used 9466K, capacity 10155K, committed 10196K, reserved 1048576K
}
Event: 15.535 GC heap after
{Heap after GC invocations=33 (full 1):
 garbage-first heap   total 227328K, used 67420K [0x0000000700000000, 0x00000007001006f0, 0x00000007c0000000)
  region size 1024K, 2 young (2048K), 2 survivors (2048K)
 Metaspace       used 68820K, capacity 72606K, committed 72660K, reserved 1112064K
  class space    used 9466K, capacity 10155K, committed 10196K, reserved 1048576K
}
Event: 56.809 GC heap before
{Heap before GC invocations=33 (full 1):
 garbage-first heap   total 227328K, used 126812K [0x0000000700000000, 0x00000007001006f0, 0x00000007c0000000)
  region size 1024K, 60 young (61440K), 2 survivors (2048K)
 Metaspace       used 69272K, capacity 73008K, committed 73172K, reserved 1112064K
  class space    used 9497K, capacity 10158K, committed 10196K, reserved 1048576K
}
Event: 56.812 GC heap after
{Heap after GC invocations=34 (full 1):
 garbage-first heap   total 227328K, used 68068K [0x0000000700000000, 0x00000007001006f0, 0x00000007c0000000)
  region size 1024K, 3 young (3072K), 3 survivors (3072K)
 Metaspace       used 69272K, capacity 73008K, committed 73172K, reserved 1112064K
  class space    used 9497K, capacity 10158K, committed 10196K, reserved 1048576K
}
Event: 57.148 GC heap before
{Heap before GC invocations=34 (full 1):
 garbage-first heap   total 227328K, used 126436K [0x0000000700000000, 0x00000007001006f0, 0x00000007c0000000)
  region size 1024K, 60 young (61440K), 3 survivors (3072K)
 Metaspace       used 69302K, capacity 73008K, committed 73172K, reserved 1112064K
  class space    used 9497K, capacity 10158K, committed 10196K, reserved 1048576K
}
Event: 57.150 GC heap after
{Heap after GC invocations=35 (full 1):
 garbage-first heap   total 227328K, used 67640K [0x0000000700000000, 0x00000007001006f0, 0x00000007c0000000)
  region size 1024K, 2 young (2048K), 2 survivors (2048K)
 Metaspace       used 69302K, capacity 73008K, committed 73172K, reserved 1112064K
  class space    used 9497K, capacity 10158K, committed 10196K, reserved 1048576K
}
Event: 57.517 GC heap before
{Heap before GC invocations=35 (full 1):
 garbage-first heap   total 227328K, used 127032K [0x0000000700000000, 0x00000007001006f0, 0x00000007c0000000)
  region size 1024K, 60 young (61440K), 2 survivors (2048K)
 Metaspace       used 69320K, capacity 73072K, committed 73172K, reserved 1112064K
  class space    used 9497K, capacity 10158K, committed 10196K, reserved 1048576K
}
Event: 57.519 GC heap after
{Heap after GC invocations=36 (full 1):
 garbage-first heap   total 227328K, used 67658K [0x0000000700000000, 0x00000007001006f0, 0x00000007c0000000)
  region size 1024K, 2 young (2048K), 2 survivors (2048K)
 Metaspace       used 69320K, capacity 73072K, committed 73172K, reserved 1112064K
  class space    used 9497K, capacity 10158K, committed 10196K, reserved 1048576K
}
Event: 60.056 GC heap before
{Heap before GC invocations=36 (full 1):
 garbage-first heap   total 227328K, used 127050K [0x0000000700000000, 0x00000007001006f0, 0x00000007c0000000)
  region size 1024K, 60 young (61440K), 2 survivors (2048K)
 Metaspace       used 70382K, capacity 74264K, committed 74324K, reserved 1114112K
  class space    used 9589K, capacity 10280K, committed 10324K, reserved 1048576K
}
Event: 60.060 GC heap after
{Heap after GC invocations=37 (full 1):
 garbage-first heap   total 227328K, used 70892K [0x0000000700000000, 0x00000007001006f0, 0x00000007c0000000)
  region size 1024K, 6 young (6144K), 6 survivors (6144K)
 Metaspace       used 70382K, capacity 74264K, committed 74324K, reserved 1114112K
  class space    used 9589K, capacity 10280K, committed 10324K, reserved 1048576K
}

